<?xml version="1.0" encoding="UTF-8"?>
<!-- Generated by org.testng.reporters.JUnitXMLReporter -->
<testsuite hostname="kantharaj-PC" ignored="1" name="Test" tests="2" failures="0" timestamp="2023-05-19T15:25:18 IST" time="0.115" errors="0">
  <testcase name="test1" time="0.02" classname="TestNG_Groups.grouper"/>
  <testcase name="test2" time="0.005" classname="TestNG_Groups.grouper"/>
  <testcase name="test3" time="0.0" classname="TestNG_Groups.grouper">
    <ignored/>
  </testcase> <!-- test3 -->
</testsuite> <!-- Test -->
