<?xml version="1.0" encoding="UTF-8"?>
<testng-results skipped="0" failed="0" ignored="1" total="3" passed="2">
  <reporter-output>
  </reporter-output>
  <suite name="Suite" duration-ms="115" started-at="2023-05-19T15:25:18 IST" finished-at="2023-05-19T15:25:18 IST">
    <groups>
      <group name="smoke">
        <method signature="grouper.test2()[pri:0, instance:TestNG_Groups.grouper@5e853265]" name="test2" class="TestNG_Groups.grouper"/>
      </group> <!-- smoke -->
      <group name="sanity">
        <method signature="grouper.test1()[pri:0, instance:TestNG_Groups.grouper@5e853265]" name="test1" class="TestNG_Groups.grouper"/>
        <method signature="grouper.test2()[pri:0, instance:TestNG_Groups.grouper@5e853265]" name="test2" class="TestNG_Groups.grouper"/>
      </group> <!-- sanity -->
    </groups>
    <test name="Test" duration-ms="115" started-at="2023-05-19T15:25:18 IST" finished-at="2023-05-19T15:25:18 IST">
      <class name="TestNG_Groups.grouper">
        <test-method status="PASS" signature="test1()[pri:0, instance:TestNG_Groups.grouper@5e853265]" name="test1" duration-ms="20" started-at="2023-05-19T15:25:18 IST" finished-at="2023-05-19T15:25:18 IST">
          <reporter-output>
          </reporter-output>
        </test-method> <!-- test1 -->
        <test-method status="PASS" signature="test2()[pri:0, instance:TestNG_Groups.grouper@5e853265]" name="test2" duration-ms="5" started-at="2023-05-19T15:25:18 IST" finished-at="2023-05-19T15:25:18 IST">
          <reporter-output>
          </reporter-output>
        </test-method> <!-- test2 -->
      </class> <!-- TestNG_Groups.grouper -->
    </test> <!-- Test -->
  </suite> <!-- Suite -->
</testng-results>
